C51 COMPILER V9.54   MAIN                                                                  10/25/2022 21:01:11 PAGE 1   


C51 COMPILER V9.54, COMPILATION OF MODULE MAIN
OBJECT MODULE PLACED IN .\Objects\main.obj
COMPILER INVOKED BY: D:\Keil5\C51\BIN\C51.EXE main.c OPTIMIZE(8,SPEED) BROWSE DEBUG OBJECTEXTEND PRINT(.\Listings\main.l
                    -st) TABS(2) OBJECT(.\Objects\main.obj)

line level    source

   1          #include <REGX52.h>
   2          
   3          void Delay20ms()    //@11.0592MHz
   4          {
   5   1          unsigned char i, j;
   6   1      
   7   1          i = 36;
   8   1          j = 217;
   9   1      
  10   1          do
  11   1          {
  12   2              while (--j);
  13   2          }
  14   1          while (--i);
  15   1      }
  16          
  17          int point = 0;
  18          int num = 1;
  19          
  20          void light(int p)
  21          {
  22   1          point += p;
  23   1      
  24   1          if(point < 0)
  25   1          {
  26   2              point = 7;
  27   2          }
  28   1          else if(point > 7)
  29   1          {
  30   2              point = 0;
  31   2          }
  32   1      
  33   1          P2 = 0xFF ^ (num << point);
  34   1      }
  35          
  36          void addNum(unsigned n)
  37          {
  38   1          if(n)
  39   1          {
  40   2              num = num << 1 | 1;
  41   2          }
  42   1          else
  43   1          {
  44   2              num >>= 1;
  45   2          }
  46   1      }
  47          
  48          void main()
  49          {
  50   1          P2 = 0xFF;
  51   1      
  52   1          light(0);
  53   1      
  54   1          while(1)
C51 COMPILER V9.54   MAIN                                                                  10/25/2022 21:01:11 PAGE 2   

  55   1          {
  56   2              if(P3_1 == 0)
  57   2              {
  58   3                  Delay20ms();
  59   3      
  60   3                  while(P3_1 == 0);
  61   3      
  62   3                  Delay20ms();
  63   3      
  64   3                  light(-1);
  65   3              }
  66   2              else if(P3_0 == 0)
  67   2              {
  68   3                  Delay20ms();
  69   3      
  70   3                  while(P3_0 == 0);
  71   3      
  72   3                  Delay20ms();
  73   3      
  74   3                  light(1);
  75   3              }
  76   2              else if(P3_2 == 0)
  77   2              {
  78   3                  Delay20ms();
  79   3      
  80   3                  while(P3_2 == 0);
  81   3      
  82   3                  Delay20ms();
  83   3      
  84   3                  addNum(1);
  85   3                  light(0);
  86   3              }
  87   2              else if(P3_3 == 0)
  88   2              {
  89   3                  Delay20ms();
  90   3      
  91   3                  while(P3_3 == 0);
  92   3      
  93   3                  Delay20ms();
  94   3      
  95   3                  addNum(0);
  96   3                  light(0);
  97   3              }
  98   2          }
  99   1      }


MODULE INFORMATION:   STATIC OVERLAYABLE
   CODE SIZE        =    196    ----
   CONSTANT SIZE    =   ----    ----
   XDATA SIZE       =   ----    ----
   PDATA SIZE       =   ----    ----
   DATA SIZE        =      4    ----
   IDATA SIZE       =   ----    ----
   BIT SIZE         =   ----    ----
END OF MODULE INFORMATION.


C51 COMPILATION COMPLETE.  0 WARNING(S),  0 ERROR(S)
